[Thu Oct 27 11:35:51 MDT 2022] - INFO passoff.ServerTest: 	Setting up Person Wrong User Test...
[Thu Oct 27 11:35:51 MDT 2022] - INFO client.Proxy: 	Clear called
[Thu Oct 27 11:35:51 MDT 2022] - INFO client.Client: 	Post without Request Body called
[Thu Oct 27 11:35:51 MDT 2022] - INFO client.Client: 	Attempting to open connection to server
[Thu Oct 27 11:35:51 MDT 2022] - INFO client.Client: 	Connection opened to server
[Thu Oct 27 11:35:51 MDT 2022] - INFO client.Client: 	Setting passoffrequest method to POST
[Thu Oct 27 11:35:51 MDT 2022] - INFO client.Client: 	Request method set to POST
[Thu Oct 27 11:35:51 MDT 2022] - INFO client.Client: 	Setting Do Output to true
[Thu Oct 27 11:35:51 MDT 2022] - INFO client.Client: 	Do Output set to true
[Thu Oct 27 11:35:51 MDT 2022] - INFO client.Client: 	Connecting to server
[Thu Oct 27 11:35:51 MDT 2022] - INFO client.Client: 	Connected to server
[Thu Oct 27 11:35:51 MDT 2022] - INFO client.Client: 	Getting response code from server
[Thu Oct 27 11:35:52 MDT 2022] - INFO client.Client: 	Response code 200 returned
[Thu Oct 27 11:35:52 MDT 2022] - INFO client.Client: 	Getting input stream from server
[Thu Oct 27 11:35:52 MDT 2022] - INFO client.Client: 	Reading input stream into a string
[Thu Oct 27 11:35:52 MDT 2022] - INFO passoff.ServerTest: 	Running Person Wrong User Test...
[Thu Oct 27 11:35:52 MDT 2022] - INFO client.Proxy: 	Load called
[Thu Oct 27 11:35:52 MDT 2022] - INFO client.Client: 	Post with Request Body called
[Thu Oct 27 11:35:52 MDT 2022] - INFO client.Client: 	Attempting to open connection to server
[Thu Oct 27 11:35:52 MDT 2022] - INFO client.Client: 	Connection opened to server
[Thu Oct 27 11:35:52 MDT 2022] - INFO client.Client: 	Setting passoffrequest method to POST
[Thu Oct 27 11:35:52 MDT 2022] - INFO client.Client: 	Request method set to POST
[Thu Oct 27 11:35:52 MDT 2022] - INFO client.Client: 	Setting Do Output to true
[Thu Oct 27 11:35:52 MDT 2022] - INFO client.Client: 	Do Output set to true
[Thu Oct 27 11:35:52 MDT 2022] - INFO client.Client: 	Connecting to server
[Thu Oct 27 11:35:52 MDT 2022] - INFO client.Client: 	Connected to server
[Thu Oct 27 11:35:52 MDT 2022] - INFO client.Client: 	Opening output stream to server
[Thu Oct 27 11:35:52 MDT 2022] - INFO client.Client: 	Writing passoffrequest to server output stream
[Thu Oct 27 11:35:52 MDT 2022] - INFO client.Client: 	Request written to server output stream
[Thu Oct 27 11:35:52 MDT 2022] - INFO client.Client: 	Closing output stream to server
[Thu Oct 27 11:35:52 MDT 2022] - INFO client.Client: 	Output stream to server closed
[Thu Oct 27 11:35:52 MDT 2022] - INFO client.Client: 	Getting response code from server
